<?xml version="1.0" encoding="UTF-8"?>
<!-- Generated by org.testng.reporters.JUnitXMLReporter -->
<testsuite hostname="DESKTOP-4FV91I7" ignored="0" name="LoginPage Tests Chrome" tests="5" failures="2" timestamp="19 Nov 2021 21:54:35 GMT" time="25.874" errors="0">
  <testcase name="loginTC01" time="0.62" classname="sfdc.tests.Login">
    <failure type="java.lang.AssertionError" message="The following asserts failed:
	expected [Please enter your password.] but found []">
      <![CDATA[java.lang.AssertionError: The following asserts failed:
	expected [Please enter your password.] but found []
	at sfdc.tests.Login.loginTC01(Login.java:145)
	at java.util.concurrent.FutureTask.run(FutureTask.java:266)
	at java.util.concurrent.ThreadPoolExecutor.runWorker(ThreadPoolExecutor.java:1142)
	at java.util.concurrent.ThreadPoolExecutor$Worker.run(ThreadPoolExecutor.java:617)
	at java.lang.Thread.run(Thread.java:745)
... Removed 17 stack frames]]>
    </failure>
  </testcase> <!-- loginTC01 -->
  <testcase name="loginTC02" time="5.747" classname="sfdc.tests.Login"/>
  <testcase name="loginTC04b" time="10.058" classname="sfdc.tests.Login"/>
  <testcase name="loginTC04a" time="1.15" classname="sfdc.tests.Login"/>
  <testcase name="loginTC03" time="3.976" classname="sfdc.tests.Login">
    <failure type="java.lang.AssertionError" message="expected [] but found [sana@teckarch.com]">
      <![CDATA[java.lang.AssertionError: expected [] but found [sana@teckarch.com]
	at sfdc.tests.Login.loginTC03(Login.java:207)
	at java.util.concurrent.FutureTask.run(FutureTask.java:266)
	at java.util.concurrent.ThreadPoolExecutor.runWorker(ThreadPoolExecutor.java:1142)
	at java.util.concurrent.ThreadPoolExecutor$Worker.run(ThreadPoolExecutor.java:617)
	at java.lang.Thread.run(Thread.java:745)
... Removed 22 stack frames]]>
    </failure>
  </testcase> <!-- loginTC03 -->
</testsuite> <!-- LoginPage Tests Chrome -->
