<!DOCTYPE html PUBLIC "-//W3C//DTD XHTML 1.1//EN" "http://www.w3.org/TR/xhtml11/DTD/xhtml11.dtd">
<html xmlns="http://www.w3.org/1999/xhtml"><head><title>TestNG Report</title><style type="text/css">table {margin-bottom:10px;border-collapse:collapse;empty-cells:show}th,td {border:1px solid #009;padding:.25em .5em}th {vertical-align:bottom}td {vertical-align:top}table a {font-weight:bold}.stripe td {background-color: #E6EBF9}.num {text-align:right}.passedodd td {background-color: #3F3}.passedeven td {background-color: #0A0}.skippedodd td {background-color: #DDD}.skippedeven td {background-color: #CCC}.failedodd td,.attn {background-color: #F33}.failedeven td,.stripe .attn {background-color: #D00}.stacktrace {white-space:pre;font-family:monospace}.totop {font-size:85%;text-align:center;border-bottom:2px solid #000}</style></head><body><table><tr><th>Test</th><th># Passed</th><th># Skipped</th><th># Failed</th><th>Time (ms)</th><th>Included Groups</th><th>Excluded Groups</th></tr><tr><th colspan="7">Smoke Test Suite</th></tr><tr><td><a href="#t0">LoginPage Tests Chrome</a></td><td class="num">3</td><td class="num">0</td><td class="num attn">2</td><td class="num">25,874</td><td></td><td></td></tr></table><table><thead><tr><th>Class</th><th>Method</th><th>Start</th><th>Time (ms)</th></tr></thead><tbody><tr><th colspan="4">Smoke Test Suite</th></tr></tbody><tbody id="t0"><tr><th colspan="4">LoginPage Tests Chrome &#8212; failed</th></tr><tr class="failedeven"><td rowspan="2">sfdc.tests.Login</td><td><a href="#m0">loginTC01</a></td><td rowspan="1">1637358852056</td><td rowspan="1">620</td></tr><tr class="failedeven"><td><a href="#m1">loginTC03</a></td><td rowspan="1">1637358870796</td><td rowspan="1">3976</td></tr><tr><th colspan="4">LoginPage Tests Chrome &#8212; passed</th></tr><tr class="passedeven"><td rowspan="3">sfdc.tests.Login</td><td><a href="#m2">loginTC02</a></td><td rowspan="1">1637358853281</td><td rowspan="1">5747</td></tr><tr class="passedeven"><td><a href="#m3">loginTC04a</a></td><td rowspan="1">1637358869459</td><td rowspan="1">1150</td></tr><tr class="passedeven"><td><a href="#m4">loginTC04b</a></td><td rowspan="1">1637358859224</td><td rowspan="1">10058</td></tr></tbody></table><h2>LoginPage Tests Chrome</h2><h3 id="m0">sfdc.tests.Login#loginTC01</h3><table class="result"><tr><th>Exception</th></tr><tr><td><div class="stacktrace">java.lang.AssertionError: The following asserts failed:
	expected [Please enter your password.] but found []
	at sfdc.tests.Login.loginTC01(Login.java:145)
	at java.util.concurrent.FutureTask.run(FutureTask.java:266)
	at java.util.concurrent.ThreadPoolExecutor.runWorker(ThreadPoolExecutor.java:1142)
	at java.util.concurrent.ThreadPoolExecutor$Worker.run(ThreadPoolExecutor.java:617)
	at java.lang.Thread.run(Thread.java:745)
... Removed 17 stack frames</div></td></tr></table><p class="totop"><a href="#summary">back to summary</a></p><h3 id="m1">sfdc.tests.Login#loginTC03</h3><table class="result"><tr><th>Exception</th></tr><tr><td><div class="stacktrace">java.lang.AssertionError: expected [] but found [sana@teckarch.com]
	at sfdc.tests.Login.loginTC03(Login.java:207)
	at java.util.concurrent.FutureTask.run(FutureTask.java:266)
	at java.util.concurrent.ThreadPoolExecutor.runWorker(ThreadPoolExecutor.java:1142)
	at java.util.concurrent.ThreadPoolExecutor$Worker.run(ThreadPoolExecutor.java:617)
	at java.lang.Thread.run(Thread.java:745)
... Removed 22 stack frames</div></td></tr></table><p class="totop"><a href="#summary">back to summary</a></p><h3 id="m2">sfdc.tests.Login#loginTC02</h3><table class="result"></table><p class="totop"><a href="#summary">back to summary</a></p><h3 id="m3">sfdc.tests.Login#loginTC04a</h3><table class="result"></table><p class="totop"><a href="#summary">back to summary</a></p><h3 id="m4">sfdc.tests.Login#loginTC04b</h3><table class="result"></table><p class="totop"><a href="#summary">back to summary</a></p></body></html>